<?xml version="1.0" encoding="UTF-8"?>
<testsuite xmlns:xsi="http://www.w3.org/2001/XMLSchema-instance" xsi:noNamespaceSchemaLocation="https://maven.apache.org/surefire/maven-surefire-plugin/xsd/surefire-test-report.xsd" name="TestSuite" time="10.411" tests="12" errors="0" skipped="0" failures="0">
  <properties>
[...]
</properties>
  <testcase name="navigateToLoginPage" classname="tests.magentoLoginPageTest" time="0.603"/>
  <testcase name="verifyLoginPageUrlAndTitle" classname="tests.magentoLoginPageTest" time="0.029"/>
  <testcase name="verifyLoginSectionElements" classname="tests.magentoLoginPageTest" time="0.071"/>
  <testcase name="verifyLoginSectionErrorValidation" classname="tests.magentoLoginPageTest" time="0.095"/>
  <testcase name="verifyForgotPasswordLinkDisplay" classname="tests.magentoLoginPageTest" time="0.017"/>
  <testcase name="verifyForgotPasswordLinkNavigation" classname="tests.magentoLoginPageTest" time="0.523"/>
  <testcase name="verifyForgotPasswordPageElements" classname="tests.magentoLoginPageTest" time="0.075"/>
  <testcase name="verifyForgotPasswordPageBrowserBackFunctionality" classname="tests.magentoLoginPageTest" time="0.561"/>
  <testcase name="verifyInvalidLoginCredentials" classname="tests.magentoLoginPageTest" time="1.645"/>
  <testcase name="verifyInvalidLoginCredentials" classname="tests.magentoLoginPageTest" time="1.574"/>
  <testcase name="verifyLogin" classname="tests.magentoLoginPageTest" time="1.196"/>
  <testcase name="verifySignOutFeature" classname="tests.magentoLoginPageTest" time="0.893"/>
</testsuite>