<?xml version="1.0" encoding="UTF-8"?>
<testng-results ignored="0" total="12" passed="12" failed="0" skipped="0">
  <reporter-output>
  </reporter-output>
  <suite started-at="2023-08-22T23:00:10 GMT-04:00" name="Smoke Test Suite" finished-at="2023-08-22T23:00:20 GMT-04:00" duration-ms="9921">
    <groups>
    </groups>
    <test started-at="2023-08-22T23:00:10 GMT-04:00" name="Smoke Test" finished-at="2023-08-22T23:00:20 GMT-04:00" duration-ms="9921">
      <class name="tests.magentoLoginPageTest">
        <test-method is-config="true" signature="setup(org.testng.ITestContext)[pri:0, instance:tests.magentoLoginPageTest@16267862]" started-at="2023-08-22T23:00:10 GMT-04:00" name="setup" finished-at="2023-08-22T23:00:13 GMT-04:00" duration-ms="2509" status="PASS">
          <params>
            <param index="0">
              <value>
                <![CDATA[org.testng.TestRunner@7479b626]]>
              </value>
            </param>
          </params>
          <reporter-output>
          </reporter-output>
        </test-method> <!-- setup -->
        <test-method signature="navigateToLoginPage()[pri:0, instance:tests.magentoLoginPageTest@16267862]" started-at="2023-08-22T23:00:13 GMT-04:00" name="navigateToLoginPage" finished-at="2023-08-22T23:00:13 GMT-04:00" duration-ms="601" status="PASS">
          <reporter-output>
          </reporter-output>
        </test-method> <!-- navigateToLoginPage -->
        <test-method signature="verifyLoginPageUrlAndTitle()[pri:1, instance:tests.magentoLoginPageTest@16267862]" started-at="2023-08-22T23:00:13 GMT-04:00" name="verifyLoginPageUrlAndTitle" finished-at="2023-08-22T23:00:13 GMT-04:00" duration-ms="29" status="PASS">
          <reporter-output>
          </reporter-output>
        </test-method> <!-- verifyLoginPageUrlAndTitle -->
        <test-method signature="verifyLoginSectionElements()[pri:2, instance:tests.magentoLoginPageTest@16267862]" started-at="2023-08-22T23:00:13 GMT-04:00" name="verifyLoginSectionElements" finished-at="2023-08-22T23:00:13 GMT-04:00" duration-ms="71" status="PASS">
          <reporter-output>
          </reporter-output>
        </test-method> <!-- verifyLoginSectionElements -->
        <test-method signature="verifyLoginSectionErrorValidation()[pri:3, instance:tests.magentoLoginPageTest@16267862]" started-at="2023-08-22T23:00:13 GMT-04:00" name="verifyLoginSectionErrorValidation" finished-at="2023-08-22T23:00:13 GMT-04:00" duration-ms="95" status="PASS">
          <reporter-output>
          </reporter-output>
        </test-method> <!-- verifyLoginSectionErrorValidation -->
        <test-method signature="verifyForgotPasswordLinkDisplay()[pri:4, instance:tests.magentoLoginPageTest@16267862]" started-at="2023-08-22T23:00:13 GMT-04:00" name="verifyForgotPasswordLinkDisplay" finished-at="2023-08-22T23:00:13 GMT-04:00" duration-ms="17" status="PASS">
          <reporter-output>
          </reporter-output>
        </test-method> <!-- verifyForgotPasswordLinkDisplay -->
        <test-method signature="verifyForgotPasswordLinkNavigation()[pri:5, instance:tests.magentoLoginPageTest@16267862]" started-at="2023-08-22T23:00:13 GMT-04:00" name="verifyForgotPasswordLinkNavigation" finished-at="2023-08-22T23:00:14 GMT-04:00" duration-ms="522" status="PASS">
          <reporter-output>
          </reporter-output>
        </test-method> <!-- verifyForgotPasswordLinkNavigation -->
        <test-method signature="verifyForgotPasswordPageElements()[pri:6, instance:tests.magentoLoginPageTest@16267862]" started-at="2023-08-22T23:00:14 GMT-04:00" name="verifyForgotPasswordPageElements" finished-at="2023-08-22T23:00:14 GMT-04:00" duration-ms="75" status="PASS">
          <reporter-output>
          </reporter-output>
        </test-method> <!-- verifyForgotPasswordPageElements -->
        <test-method signature="verifyForgotPasswordPageBrowserBackFunctionality()[pri:7, instance:tests.magentoLoginPageTest@16267862]" started-at="2023-08-22T23:00:14 GMT-04:00" name="verifyForgotPasswordPageBrowserBackFunctionality" finished-at="2023-08-22T23:00:15 GMT-04:00" duration-ms="561" status="PASS">
          <reporter-output>
          </reporter-output>
        </test-method> <!-- verifyForgotPasswordPageBrowserBackFunctionality -->
        <test-method signature="verifyInvalidLoginCredentials(java.lang.String, java.lang.String)[pri:8, instance:tests.magentoLoginPageTest@16267862]" started-at="2023-08-22T23:00:15 GMT-04:00" name="verifyInvalidLoginCredentials" data-provider="accounts" finished-at="2023-08-22T23:00:16 GMT-04:00" duration-ms="1644" status="PASS">
          <params>
            <param index="0">
              <value>
                <![CDATA[magento1.user@gmail.com]]>
              </value>
            </param>
            <param index="1">
              <value>
                <![CDATA[testing123]]>
              </value>
            </param>
          </params>
          <reporter-output>
          </reporter-output>
        </test-method> <!-- verifyInvalidLoginCredentials -->
        <test-method signature="verifyInvalidLoginCredentials(java.lang.String, java.lang.String)[pri:8, instance:tests.magentoLoginPageTest@16267862]" started-at="2023-08-22T23:00:16 GMT-04:00" name="verifyInvalidLoginCredentials" data-provider="accounts" finished-at="2023-08-22T23:00:18 GMT-04:00" duration-ms="1573" status="PASS">
          <params>
            <param index="0">
              <value>
                <![CDATA[testuser@yahoo.com]]>
              </value>
            </param>
            <param index="1">
              <value>
                <![CDATA[magento@123]]>
              </value>
            </param>
          </params>
          <reporter-output>
          </reporter-output>
        </test-method> <!-- verifyInvalidLoginCredentials -->
        <test-method signature="verifyLogin(java.lang.String, java.lang.String)[pri:9, instance:tests.magentoLoginPageTest@16267862]" started-at="2023-08-22T23:00:18 GMT-04:00" name="verifyLogin" finished-at="2023-08-22T23:00:19 GMT-04:00" duration-ms="1196" status="PASS">
          <params>
            <param index="0">
              <value>
                <![CDATA[magento.user@gmail.com]]>
              </value>
            </param>
            <param index="1">
              <value>
                <![CDATA[magento@123]]>
              </value>
            </param>
          </params>
          <reporter-output>
          </reporter-output>
        </test-method> <!-- verifyLogin -->
        <test-method signature="verifySignOutFeature()[pri:10, instance:tests.magentoLoginPageTest@16267862]" started-at="2023-08-22T23:00:19 GMT-04:00" name="verifySignOutFeature" finished-at="2023-08-22T23:00:20 GMT-04:00" duration-ms="892" status="PASS">
          <reporter-output>
          </reporter-output>
        </test-method> <!-- verifySignOutFeature -->
        <test-method is-config="true" signature="tearDown()[pri:0, instance:tests.magentoLoginPageTest@16267862]" started-at="2023-08-22T23:00:20 GMT-04:00" name="tearDown" finished-at="2023-08-22T23:00:20 GMT-04:00" duration-ms="112" status="PASS">
          <reporter-output>
          </reporter-output>
        </test-method> <!-- tearDown -->
      </class> <!-- tests.magentoLoginPageTest -->
    </test> <!-- Smoke Test -->
  </suite> <!-- Smoke Test Suite -->
</testng-results>
